
huhtik. 23, 2021 09:42:17.72 NEW SESSION
huhtik. 23, 2021 09:42:17.72 
huhtik. 23, 2021 09:42:17.73 ###!!! [Child][RunMessage] Error: Channel closing: too late to send/recv, messages will be lost
huhtik. 23, 2021 09:42:17.73 

huhtik. 23, 2021 21:06:34.525 NEW SESSION
huhtik. 23, 2021 21:06:34.525 
huhtik. 23, 2021 21:06:34.525 ###!!! [Child][RunMessage] Error: Channel closing: too late to send/recv, messages will be lost
huhtik. 23, 2021 21:06:34.525 

huhtik. 25, 2021 10:32:41.673 NEW SESSION
huhtik. 25, 2021 10:32:41.673 
huhtik. 25, 2021 10:32:41.680 ###!!! [Child][RunMessage] Error: Channel closing: too late to send/recv, messages will be lost
huhtik. 25, 2021 10:32:41.682 
huhtik. 25, 2021 11:57:41.226 
huhtik. 25, 2021 11:57:41.227 ###!!! [Child][RunMessage] Error: Channel closing: too late to send/recv, messages will be lost
huhtik. 25, 2021 11:57:41.228 

huhtik. 26, 2021 22:10:15.169 NEW SESSION
huhtik. 26, 2021 22:10:15.169 
huhtik. 26, 2021 22:10:15.172 ###!!! [Child][RunMessage] Error: Channel closing: too late to send/recv, messages will be lost
huhtik. 26, 2021 22:10:15.174 

huhtik. 29, 2021 20:29:33.389 NEW SESSION
huhtik. 29, 2021 20:29:33.389 
huhtik. 29, 2021 20:29:33.390 ###!!! [Child][RunMessage] Error: Channel closing: too late to send/recv, messages will be lost
huhtik. 29, 2021 20:29:33.390 
huhtik. 29, 2021 20:33:51.474 
huhtik. 29, 2021 20:33:51.476 ###!!! [Child][RunMessage] Error: Channel closing: too late to send/recv, messages will be lost
huhtik. 29, 2021 20:33:51.478 
huhtik. 29, 2021 21:09:43.796 
huhtik. 29, 2021 21:09:43.797 ###!!! [Child][RunMessage] Error: Channel closing: too late to send/recv, messages will be lost
huhtik. 29, 2021 21:09:43.798 

huhtik. 29, 2021 22:24:56.884 NEW SESSION
huhtik. 29, 2021 22:24:56.884 [27644:20868:0429/222456.884:ERROR:device_event_log_impl.cc(214)] [22:24:56.884] USB: usb_device_handle_win.cc:1054 Failed to read descriptor from node connection: A device attached to the system is not functioning. (0x1F)
huhtik. 29, 2021 22:24:56.886 [27644:20868:0429/222456.885:ERROR:device_event_log_impl.cc(214)] [22:24:56.885] USB: usb_device_handle_win.cc:1054 Failed to read descriptor from node connection: A device attached to the system is not functioning. (0x1F)

huhtik. 29, 2021 23:06:48.922 NEW SESSION
huhtik. 29, 2021 23:06:48.922 
huhtik. 29, 2021 23:06:48.922 ###!!! [Child][RunMessage] Error: Channel closing: too late to send/recv, messages will be lost
huhtik. 29, 2021 23:06:48.923 
huhtik. 29, 2021 23:57:42.963 
huhtik. 29, 2021 23:57:42.963 ###!!! [Child][RunMessage] Error: Channel closing: too late to send/recv, messages will be lost
huhtik. 29, 2021 23:57:42.964 
huhtik. 30, 2021 24:18:42.33 
huhtik. 30, 2021 24:18:42.36 ###!!! [Child][RunMessage] Error: Channel closing: too late to send/recv, messages will be lost
huhtik. 30, 2021 24:18:42.39 

toukok. 01, 2021 09:37:24.636 NEW SESSION
toukok. 01, 2021 09:37:24.636 
toukok. 01, 2021 09:37:24.637 ###!!! [Child][RunMessage] Error: Channel closing: too late to send/recv, messages will be lost
toukok. 01, 2021 09:37:24.637 
toukok. 01, 2021 10:39:06.208 
toukok. 01, 2021 10:39:06.209 ###!!! [Child][RunMessage] Error: Channel closing: too late to send/recv, messages will be lost
toukok. 01, 2021 10:39:06.209 
toukok. 01, 2021 11:31:03.438 
toukok. 01, 2021 11:31:03.442 ###!!! [Child][RunMessage] Error: Channel closing: too late to send/recv, messages will be lost
toukok. 01, 2021 11:31:03.446 
toukok. 01, 2021 11:39:32.886 
toukok. 01, 2021 11:39:32.889 ###!!! [Child][RunMessage] Error: Channel closing: too late to send/recv, messages will be lost
toukok. 01, 2021 11:39:32.891 
toukok. 01, 2021 11:44:44.94 _create_dc_and_bitmap: The operation completed successfully.
toukok. 01, 2021 11:44:44.96 
toukok. 01, 2021 11:44:44.98 _create_dc_and_bitmap: The handle is invalid.
toukok. 01, 2021 11:44:44.100 
toukok. 01, 2021 11:44:44.100 _create_dc_and_bitmap: The handle is invalid.
toukok. 01, 2021 11:44:44.101 
toukok. 01, 2021 11:44:44.101 _create_dc_and_bitmap: The handle is invalid.
toukok. 01, 2021 11:44:44.101 
toukok. 01, 2021 11:44:44.102 _create_dc_and_bitmap: The handle is invalid.
toukok. 01, 2021 11:44:44.102 

toukok. 01, 2021 20:56:11.673 NEW SESSION
toukok. 01, 2021 20:56:11.673 
toukok. 01, 2021 20:56:11.674 ###!!! [Child][RunMessage] Error: Channel closing: too late to send/recv, messages will be lost
toukok. 01, 2021 20:56:11.674 
toukok. 01, 2021 21:01:03.194 
toukok. 01, 2021 21:01:03.195 ###!!! [Child][RunMessage] Error: Channel closing: too late to send/recv, messages will be lost
toukok. 01, 2021 21:01:03.196 
toukok. 01, 2021 21:26:09.588 
toukok. 01, 2021 21:26:09.588 ###!!! [Child][RunMessage] Error: Channel closing: too late to send/recv, messages will be lost
toukok. 01, 2021 21:26:09.588 
toukok. 01, 2021 22:19:03.15 
toukok. 01, 2021 22:19:03.16 ###!!! [Child][RunMessage] Error: Channel closing: too late to send/recv, messages will be lost
toukok. 01, 2021 22:19:03.16 
toukok. 02, 2021 24:15:58.344 
toukok. 02, 2021 24:15:58.347 ###!!! [Child][RunMessage] Error: Channel closing: too late to send/recv, messages will be lost
toukok. 02, 2021 24:15:58.350 

toukok. 02, 2021 11:43:49.100 NEW SESSION
toukok. 02, 2021 11:43:49.100 _create_dc_and_bitmap: The operation completed successfully.
toukok. 02, 2021 11:43:49.104 

toukok. 05, 2021 22:51:15.505 NEW SESSION
toukok. 05, 2021 22:51:15.505 
toukok. 05, 2021 22:51:15.506 ###!!! [Child][RunMessage] Error: Channel closing: too late to send/recv, messages will be lost
toukok. 05, 2021 22:51:15.507 

toukok. 07, 2021 21:37:49.70 NEW SESSION
toukok. 07, 2021 21:37:49.70 
toukok. 07, 2021 21:37:49.73 ###!!! [Child][RunMessage] Error: Channel closing: too late to send/recv, messages will be lost
toukok. 07, 2021 21:37:49.75 
toukok. 07, 2021 22:03:15.844 
toukok. 07, 2021 22:03:15.845 ###!!! [Child][RunMessage] Error: Channel closing: too late to send/recv, messages will be lost
toukok. 07, 2021 22:03:15.845 
toukok. 07, 2021 22:16:54.886 
toukok. 07, 2021 22:16:54.886 ###!!! [Child][RunMessage] Error: Channel closing: too late to send/recv, messages will be lost
toukok. 07, 2021 22:16:54.887 

toukok. 08, 2021 20:11:23.339 NEW SESSION
toukok. 08, 2021 20:11:23.340 
toukok. 08, 2021 20:11:23.343 ###!!! [Child][RunMessage] Error: Channel closing: too late to send/recv, messages will be lost
toukok. 08, 2021 20:11:23.346 
toukok. 08, 2021 23:06:37.179 
toukok. 08, 2021 23:06:37.186 ###!!! [Child][RunMessage] Error: Channel closing: too late to send/recv, messages will be lost
toukok. 08, 2021 23:06:37.191 
toukok. 08, 2021 23:08:50.78 
toukok. 08, 2021 23:08:50.81 ###!!! [Child][RunMessage] Error: Channel closing: too late to send/recv, messages will be lost
toukok. 08, 2021 23:08:50.84 

toukok. 09, 2021 10:52:27.986 NEW SESSION
toukok. 09, 2021 10:52:27.986 
toukok. 09, 2021 10:52:27.987 ###!!! [Child][RunMessage] Error: Channel closing: too late to send/recv, messages will be lost
toukok. 09, 2021 10:52:27.988 
toukok. 09, 2021 10:53:49.266 
toukok. 09, 2021 10:53:49.270 ###!!! [Child][RunMessage] Error: Channel closing: too late to send/recv, messages will be lost
toukok. 09, 2021 10:53:49.273 
toukok. 09, 2021 16:58:31.254 _create_dc_and_bitmap: The operation completed successfully.
toukok. 09, 2021 16:58:31.257 
toukok. 09, 2021 16:58:31.260 _create_dc_and_bitmap: The handle is invalid.
toukok. 09, 2021 16:58:31.263 
toukok. 09, 2021 16:58:31.263 _create_dc_and_bitmap: The handle is invalid.
toukok. 09, 2021 16:58:31.263 
toukok. 09, 2021 16:58:31.263 _create_dc_and_bitmap: The handle is invalid.
toukok. 09, 2021 16:58:31.264 
toukok. 09, 2021 16:58:31.264 _create_dc_and_bitmap: The handle is invalid.
toukok. 09, 2021 16:58:31.264 
toukok. 09, 2021 22:00:45.400 
toukok. 09, 2021 22:00:45.401 ###!!! [Child][RunMessage] Error: Channel closing: too late to send/recv, messages will be lost
toukok. 09, 2021 22:00:45.401 
toukok. 09, 2021 22:44:22.692 [Parent 38424, IPC I/O Parent] WARNING: pipe error: 232: file /builds/worker/checkouts/gecko/ipc/chromium/src/chrome/common/ipc_channel_win.cc:544
toukok. 09, 2021 23:55:27.540 
toukok. 09, 2021 23:55:27.546 ###!!! [Child][RunMessage] Error: Channel closing: too late to send/recv, messages will be lost
toukok. 09, 2021 23:55:27.550 

toukok. 10, 2021 23:05:00.495 NEW SESSION
toukok. 10, 2021 23:05:00.495 [Parent 21824, IPC I/O Parent] WARNING: pipe error: 232: file /builds/worker/checkouts/gecko/ipc/chromium/src/chrome/common/ipc_channel_win.cc:544
toukok. 10, 2021 23:05:02.116 
toukok. 10, 2021 23:05:02.118 ###!!! [Child][RunMessage] Error: Channel closing: too late to send/recv, messages will be lost
toukok. 10, 2021 23:05:02.121 
